Admin_Room.html:16  GET https://kit.fontawesome.com/c4445c7fdf.js net::ERR_ABORTED 403 (Forbidden)
Admin_Room.html:88 DESIGN MODE BYPASS ACTIVE: Security checks are disabled.
(anonymous) @ Admin_Room.html:88
(anonymous) @ Admin_Room.html:163
main.css:1  GET file:///C:/Users/Yurib/Desktop/Kilo%20One%20Profile/Website/Other%20Website/MH%20Studios%20Website/assets/webfonts/uni_sans-webfont.woff2 net::ERR_FILE_NOT_FOUND
main.css:1  GET file:///C:/Users/Yurib/Desktop/Kilo%20One%20Profile/Website/Other%20Website/MH%20Studios%20Website/assets/webfonts/uni_sans-webfont.woff net::ERR_FILE_NOT_FOUND
admin.js:173 Uncaught SyntaxError: Identifier 'user' has already been declared
Admin_Room.html:1 Access to fetch at 'file:///C:/Users/Yurib/Desktop/Kilo%20One%20Profile/Website/Other%20Website/json/en.json' from origin 'null' has been blocked by CORS policy: Cross origin requests are only supported for protocol schemes: chrome, chrome-extension, chrome-untrusted, data, http, https, isolated-app.
language-switcher.js:61  GET file:///C:/Users/Yurib/Desktop/Kilo%20One%20Profile/Website/Other%20Website/json/en.json net::ERR_FAILED
loadTranslations @ language-switcher.js:61
changeLanguage @ language-switcher.js:106
(anonymous) @ language-switcher.js:115
language-switcher.js:84 Network Error loading translations: TypeError: Failed to fetch
    at loadTranslations (language-switcher.js:61:28)
    at changeLanguage (language-switcher.js:106:3)
    at HTMLDocument.<anonymous> (language-switcher.js:115:3)
loadTranslations @ language-switcher.js:84
await in loadTranslations
changeLanguage @ language-switcher.js:106
(anonymous) @ language-switcher.js:115
