Admin_Room.html:16  GET https://kit.fontawesome.com/c4445c7fdf.js net::ERR_ABORTED 403 (Forbidden)
Admin_Room.html:88 DESIGN MODE BYPASS ACTIVE: Security checks are disabled.
(anonymous) @ Admin_Room.html:88
(anonymous) @ Admin_Room.html:163
main.css:1  GET http://localhost:8000/assets/webfonts/uni_sans-webfont.woff2 net::ERR_ABORTED 404 (File not found)
main.css:1  GET http://localhost:8000/assets/webfonts/uni_sans-webfont.woff net::ERR_ABORTED 404 (File not found)
language-switcher.js:61  GET http://localhost:8000/json/en.json 404 (File not found)
loadTranslations @ language-switcher.js:61
changeLanguage @ language-switcher.js:106
(anonymous) @ language-switcher.js:115
language-switcher.js:64 Translation file not found or failed to load: en.json. Status: 404. Falling back to English.
loadTranslations @ language-switcher.js:64
await in loadTranslations
changeLanguage @ language-switcher.js:106
(anonymous) @ language-switcher.js:115
language-switcher.js:67  GET http://localhost:8000/json/en.json 404 (File not found)
loadTranslations @ language-switcher.js:67
await in loadTranslations
changeLanguage @ language-switcher.js:106
(anonymous) @ language-switcher.js:115
language-switcher.js:69 Fatal Error: Could not load 'en.json' fallback file.
loadTranslations @ language-switcher.js:69
await in loadTranslations
changeLanguage @ language-switcher.js:106
(anonymous) @ language-switcher.js:115
